<?xml version="1.0" encoding="UTF-8"?>
<!-- Generated by org.testng.reporters.JUnitReportReporter -->
<testsuite hostname="DESKTOP-84QIVPK" failures="0" tests="1" name="zlistenerextentproject.zlistenerextentproject.NewTest" time="3.693" errors="0" timestamp="11 Aug 2024 16:25:00 GMT">
  <testcase classname="zlistenerextentproject.zlistenerextentproject.NewTest" name="testLogo" time="3.693"/>
</testsuite> <!-- zlistenerextentproject.zlistenerextentproject.NewTest -->
